-- The C compiler identification is GNU 9.4.0
-- The CXX compiler identification is GNU 9.4.0
-- Check for working C compiler: /usr/bin/cc
-- Check for working C compiler: /usr/bin/cc -- works
-- Detecting C compiler ABI info
-- Detecting C compiler ABI info - done
-- Detecting C compile features
-- Detecting C compile features - done
-- Check for working CXX compiler: /usr/bin/c++
-- Check for working CXX compiler: /usr/bin/c++ -- works
-- Detecting CXX compiler ABI info
-- Detecting CXX compiler ABI info - done
-- Detecting CXX compile features
-- Detecting CXX compile features - done
-- Found ament_cmake: 1.1.5 (/opt/ros/galactic/share/ament_cmake/cmake)
-- Found PythonInterp: /usr/bin/python3 (found suitable version "3.8.10", minimum required is "3") 
-- Using PYTHON_EXECUTABLE: /usr/bin/python3
-- Found OpenCV: /usr (found suitable version "4.2.0", minimum required is "4.2") 
-- Found cv_bridge: 3.1.3 (/opt/ros/galactic/share/cv_bridge/cmake)
-- Using all available rosidl_typesupport_c: rosidl_typesupport_fastrtps_c;rosidl_typesupport_introspection_c
-- Found rosidl_adapter: 2.2.2 (/opt/ros/galactic/share/rosidl_adapter/cmake)
-- Found OpenSSL: /usr/lib/x86_64-linux-gnu/libcrypto.so (found version "1.1.1f")  
-- Found FastRTPS: /opt/ros/galactic/include  
-- Using all available rosidl_typesupport_cpp: rosidl_typesupport_fastrtps_cpp;rosidl_typesupport_introspection_cpp
-- Found rclcpp: 9.2.1 (/opt/ros/galactic/share/rclcpp/cmake)
-- Found rmw_implementation_cmake: 3.3.1 (/opt/ros/galactic/share/rmw_implementation_cmake/cmake)
-- Found rmw_cyclonedds_cpp: 0.22.5 (/opt/ros/galactic/share/rmw_cyclonedds_cpp/cmake)
-- Using RMW implementation 'rmw_cyclonedds_cpp' as default
-- Looking for pthread.h
-- Looking for pthread.h - found
-- Performing Test CMAKE_HAVE_LIBC_PTHREAD
-- Performing Test CMAKE_HAVE_LIBC_PTHREAD - Failed
-- Looking for pthread_create in pthreads
-- Looking for pthread_create in pthreads - not found
-- Looking for pthread_create in pthread
-- Looking for pthread_create in pthread - found
-- Found Threads: TRUE  
-- Configuring done
-- Generating done
-- Build files have been written to: /home/jackie/Desktop/CMPE185/CMPE185_Project/build/camera_node
[35m[1mScanning dependencies of target camera_node_exe[0m
[ 50%] [32mBuilding CXX object CMakeFiles/camera_node_exe.dir/src/camera_node_main.cpp.o[0m
[ 50%] [32mBuilding CXX object CMakeFiles/camera_node_exe.dir/src/camera.cpp.o[0m
[ 75%] [32mBuilding CXX object CMakeFiles/camera_node_exe.dir/src/camera_node.cpp.o[0m
[01m[K/home/jackie/Desktop/CMPE185/CMPE185_Project/CMPE185_ws/src/camera_node/src/camera.cpp:[m[K In member function ‘[01m[Kvoid Camera::grab()[m[K’:
[01m[K/home/jackie/Desktop/CMPE185/CMPE185_Project/CMPE185_ws/src/camera_node/src/camera.cpp:21:8:[m[K [01;35m[Kwarning: [m[Kunused variable ‘[01m[Kreturn2[m[K’ [[01;35m[K-Wunused-variable[m[K]
   21 |    int [01;35m[Kreturn2[m[K = cap->read(data);
      |        [01;35m[K^~~~~~~[m[K
[100%] [32m[1mLinking CXX executable camera_node_exe[0m
[100%] Built target camera_node_exe
-- Install configuration: ""
-- Installing: /home/jackie/Desktop/CMPE185/CMPE185_Project/install/camera_node/lib/camera_node/camera_node_exe
-- Set runtime path of "/home/jackie/Desktop/CMPE185/CMPE185_Project/install/camera_node/lib/camera_node/camera_node_exe" to ""
-- Installing: /home/jackie/Desktop/CMPE185/CMPE185_Project/install/camera_node/share/camera_node//launch
-- Installing: /home/jackie/Desktop/CMPE185/CMPE185_Project/install/camera_node/share/camera_node//launch/camera.launch
-- Installing: /home/jackie/Desktop/CMPE185/CMPE185_Project/install/camera_node/share/ament_index/resource_index/package_run_dependencies/camera_node
-- Installing: /home/jackie/Desktop/CMPE185/CMPE185_Project/install/camera_node/share/ament_index/resource_index/parent_prefix_path/camera_node
-- Installing: /home/jackie/Desktop/CMPE185/CMPE185_Project/install/camera_node/share/camera_node/environment/ament_prefix_path.sh
-- Installing: /home/jackie/Desktop/CMPE185/CMPE185_Project/install/camera_node/share/camera_node/environment/ament_prefix_path.dsv
-- Installing: /home/jackie/Desktop/CMPE185/CMPE185_Project/install/camera_node/share/camera_node/environment/path.sh
-- Installing: /home/jackie/Desktop/CMPE185/CMPE185_Project/install/camera_node/share/camera_node/environment/path.dsv
-- Installing: /home/jackie/Desktop/CMPE185/CMPE185_Project/install/camera_node/share/camera_node/local_setup.bash
-- Installing: /home/jackie/Desktop/CMPE185/CMPE185_Project/install/camera_node/share/camera_node/local_setup.sh
-- Installing: /home/jackie/Desktop/CMPE185/CMPE185_Project/install/camera_node/share/camera_node/local_setup.zsh
-- Installing: /home/jackie/Desktop/CMPE185/CMPE185_Project/install/camera_node/share/camera_node/local_setup.dsv
-- Installing: /home/jackie/Desktop/CMPE185/CMPE185_Project/install/camera_node/share/camera_node/package.dsv
-- Installing: /home/jackie/Desktop/CMPE185/CMPE185_Project/install/camera_node/share/ament_index/resource_index/packages/camera_node
-- Installing: /home/jackie/Desktop/CMPE185/CMPE185_Project/install/camera_node/share/camera_node/cmake/camera_nodeConfig.cmake
-- Installing: /home/jackie/Desktop/CMPE185/CMPE185_Project/install/camera_node/share/camera_node/cmake/camera_nodeConfig-version.cmake
-- Installing: /home/jackie/Desktop/CMPE185/CMPE185_Project/install/camera_node/share/camera_node/package.xml
