[0.020s] Invoking command in '/home/jackie/Desktop/CMPE185/CMPE185_Project/build/camera_node': CMAKE_PREFIX_PATH=/opt/ros/galactic /usr/bin/cmake /home/jackie/Desktop/CMPE185/CMPE185_Project/CMPE185_ws/src/camera_node -DCMAKE_INSTALL_PREFIX=/home/jackie/Desktop/CMPE185/CMPE185_Project/install/camera_node
[0.207s] -- The C compiler identification is GNU 9.4.0
[0.385s] -- The CXX compiler identification is GNU 9.4.0
[0.394s] -- Check for working C compiler: /usr/bin/cc
[0.496s] -- Check for working C compiler: /usr/bin/cc -- works
[0.498s] -- Detecting C compiler ABI info
[0.597s] -- Detecting C compiler ABI info - done
[0.614s] -- Detecting C compile features
[0.614s] -- Detecting C compile features - done
[0.618s] -- Check for working CXX compiler: /usr/bin/c++
[0.734s] -- Check for working CXX compiler: /usr/bin/c++ -- works
[0.736s] -- Detecting CXX compiler ABI info
[0.850s] -- Detecting CXX compiler ABI info - done
[0.868s] -- Detecting CXX compile features
[0.869s] -- Detecting CXX compile features - done
[0.873s] -- Found ament_cmake: 1.1.5 (/opt/ros/galactic/share/ament_cmake/cmake)
[0.911s] -- Found PythonInterp: /usr/bin/python3 (found suitable version "3.8.10", minimum required is "3") 
[0.911s] -- Using PYTHON_EXECUTABLE: /usr/bin/python3
[1.051s] -- Found OpenCV: /usr (found suitable version "4.2.0", minimum required is "4.2") 
[1.053s] -- Found cv_bridge: 3.1.3 (/opt/ros/galactic/share/cv_bridge/cmake)
[1.106s] -- Using all available rosidl_typesupport_c: rosidl_typesupport_fastrtps_c;rosidl_typesupport_introspection_c
[1.117s] -- Found rosidl_adapter: 2.2.2 (/opt/ros/galactic/share/rosidl_adapter/cmake)
[1.238s] -- Found OpenSSL: /usr/lib/x86_64-linux-gnu/libcrypto.so (found version "1.1.1f")  
[1.282s] -- Found FastRTPS: /opt/ros/galactic/include  
[1.408s] -- Using all available rosidl_typesupport_cpp: rosidl_typesupport_fastrtps_cpp;rosidl_typesupport_introspection_cpp
[1.718s] -- Found rclcpp: 9.2.1 (/opt/ros/galactic/share/rclcpp/cmake)
[1.809s] -- Found rmw_implementation_cmake: 3.3.1 (/opt/ros/galactic/share/rmw_implementation_cmake/cmake)
[1.813s] -- Found rmw_cyclonedds_cpp: 0.22.5 (/opt/ros/galactic/share/rmw_cyclonedds_cpp/cmake)
[1.847s] -- Using RMW implementation 'rmw_cyclonedds_cpp' as default
[1.849s] -- Looking for pthread.h
[1.960s] -- Looking for pthread.h - found
[1.961s] -- Performing Test CMAKE_HAVE_LIBC_PTHREAD
[2.067s] -- Performing Test CMAKE_HAVE_LIBC_PTHREAD - Failed
[2.067s] -- Looking for pthread_create in pthreads
[2.153s] -- Looking for pthread_create in pthreads - not found
[2.153s] -- Looking for pthread_create in pthread
[2.255s] -- Looking for pthread_create in pthread - found
[2.256s] -- Found Threads: TRUE  
[2.571s] -- Configuring done
[2.617s] -- Generating done
[2.619s] -- Build files have been written to: /home/jackie/Desktop/CMPE185/CMPE185_Project/build/camera_node
[2.629s] Invoked command in '/home/jackie/Desktop/CMPE185/CMPE185_Project/build/camera_node' returned '0': CMAKE_PREFIX_PATH=/opt/ros/galactic /usr/bin/cmake /home/jackie/Desktop/CMPE185/CMPE185_Project/CMPE185_ws/src/camera_node -DCMAKE_INSTALL_PREFIX=/home/jackie/Desktop/CMPE185/CMPE185_Project/install/camera_node
[2.633s] Invoking command in '/home/jackie/Desktop/CMPE185/CMPE185_Project/build/camera_node': CMAKE_PREFIX_PATH=/opt/ros/galactic /usr/bin/cmake --build /home/jackie/Desktop/CMPE185/CMPE185_Project/build/camera_node -- -j8 -l8
[2.692s] [35m[1mScanning dependencies of target camera_node_exe[0m
[2.856s] [ 50%] [32mBuilding CXX object CMakeFiles/camera_node_exe.dir/src/camera_node_main.cpp.o[0m
[2.856s] [ 50%] [32mBuilding CXX object CMakeFiles/camera_node_exe.dir/src/camera.cpp.o[0m
[2.856s] [ 75%] [32mBuilding CXX object CMakeFiles/camera_node_exe.dir/src/camera_node.cpp.o[0m
[4.023s] [01m[K/home/jackie/Desktop/CMPE185/CMPE185_Project/CMPE185_ws/src/camera_node/src/camera.cpp:[m[K In member function ‘[01m[Kvoid Camera::grab()[m[K’:
[4.024s] [01m[K/home/jackie/Desktop/CMPE185/CMPE185_Project/CMPE185_ws/src/camera_node/src/camera.cpp:21:8:[m[K [01;35m[Kwarning: [m[Kunused variable ‘[01m[Kreturn2[m[K’ [[01;35m[K-Wunused-variable[m[K]
[4.024s]    21 |    int [01;35m[Kreturn2[m[K = cap->read(data);
[4.024s]       |        [01;35m[K^~~~~~~[m[K
[8.710s] [100%] [32m[1mLinking CXX executable camera_node_exe[0m
[9.524s] [100%] Built target camera_node_exe
[9.543s] Invoked command in '/home/jackie/Desktop/CMPE185/CMPE185_Project/build/camera_node' returned '0': CMAKE_PREFIX_PATH=/opt/ros/galactic /usr/bin/cmake --build /home/jackie/Desktop/CMPE185/CMPE185_Project/build/camera_node -- -j8 -l8
[9.597s] Invoking command in '/home/jackie/Desktop/CMPE185/CMPE185_Project/build/camera_node': CMAKE_PREFIX_PATH=/opt/ros/galactic /usr/bin/cmake --install /home/jackie/Desktop/CMPE185/CMPE185_Project/build/camera_node
[9.608s] -- Install configuration: ""
[9.608s] -- Installing: /home/jackie/Desktop/CMPE185/CMPE185_Project/install/camera_node/lib/camera_node/camera_node_exe
[9.610s] -- Set runtime path of "/home/jackie/Desktop/CMPE185/CMPE185_Project/install/camera_node/lib/camera_node/camera_node_exe" to ""
[9.610s] -- Installing: /home/jackie/Desktop/CMPE185/CMPE185_Project/install/camera_node/share/camera_node//launch
[9.611s] -- Installing: /home/jackie/Desktop/CMPE185/CMPE185_Project/install/camera_node/share/camera_node//launch/camera.launch
[9.611s] -- Installing: /home/jackie/Desktop/CMPE185/CMPE185_Project/install/camera_node/share/ament_index/resource_index/package_run_dependencies/camera_node
[9.611s] -- Installing: /home/jackie/Desktop/CMPE185/CMPE185_Project/install/camera_node/share/ament_index/resource_index/parent_prefix_path/camera_node
[9.611s] -- Installing: /home/jackie/Desktop/CMPE185/CMPE185_Project/install/camera_node/share/camera_node/environment/ament_prefix_path.sh
[9.612s] -- Installing: /home/jackie/Desktop/CMPE185/CMPE185_Project/install/camera_node/share/camera_node/environment/ament_prefix_path.dsv
[9.612s] -- Installing: /home/jackie/Desktop/CMPE185/CMPE185_Project/install/camera_node/share/camera_node/environment/path.sh
[9.612s] -- Installing: /home/jackie/Desktop/CMPE185/CMPE185_Project/install/camera_node/share/camera_node/environment/path.dsv
[9.612s] -- Installing: /home/jackie/Desktop/CMPE185/CMPE185_Project/install/camera_node/share/camera_node/local_setup.bash
[9.612s] -- Installing: /home/jackie/Desktop/CMPE185/CMPE185_Project/install/camera_node/share/camera_node/local_setup.sh
[9.613s] -- Installing: /home/jackie/Desktop/CMPE185/CMPE185_Project/install/camera_node/share/camera_node/local_setup.zsh
[9.613s] -- Installing: /home/jackie/Desktop/CMPE185/CMPE185_Project/install/camera_node/share/camera_node/local_setup.dsv
[9.613s] -- Installing: /home/jackie/Desktop/CMPE185/CMPE185_Project/install/camera_node/share/camera_node/package.dsv
[9.613s] -- Installing: /home/jackie/Desktop/CMPE185/CMPE185_Project/install/camera_node/share/ament_index/resource_index/packages/camera_node
[9.614s] -- Installing: /home/jackie/Desktop/CMPE185/CMPE185_Project/install/camera_node/share/camera_node/cmake/camera_nodeConfig.cmake
[9.614s] -- Installing: /home/jackie/Desktop/CMPE185/CMPE185_Project/install/camera_node/share/camera_node/cmake/camera_nodeConfig-version.cmake
[9.614s] -- Installing: /home/jackie/Desktop/CMPE185/CMPE185_Project/install/camera_node/share/camera_node/package.xml
[9.618s] Invoked command in '/home/jackie/Desktop/CMPE185/CMPE185_Project/build/camera_node' returned '0': CMAKE_PREFIX_PATH=/opt/ros/galactic /usr/bin/cmake --install /home/jackie/Desktop/CMPE185/CMPE185_Project/build/camera_node
