[0.024s] Invoking command in '/home/jackie/Desktop/CMPE185/CMPE185_Project/CMPE185_ws/src/objdetect_node/build/yolov7_ros': CMAKE_PREFIX_PATH=/opt/ros/galactic /usr/bin/cmake --build /home/jackie/Desktop/CMPE185/CMPE185_Project/CMPE185_ws/src/objdetect_node/build/yolov7_ros -- -j8 -l8
[0.069s] Invoked command in '/home/jackie/Desktop/CMPE185/CMPE185_Project/CMPE185_ws/src/objdetect_node/build/yolov7_ros' returned '0': CMAKE_PREFIX_PATH=/opt/ros/galactic /usr/bin/cmake --build /home/jackie/Desktop/CMPE185/CMPE185_Project/CMPE185_ws/src/objdetect_node/build/yolov7_ros -- -j8 -l8
[0.099s] Invoking command in '/home/jackie/Desktop/CMPE185/CMPE185_Project/CMPE185_ws/src/objdetect_node/build/yolov7_ros': CMAKE_PREFIX_PATH=/opt/ros/galactic /usr/bin/cmake --install /home/jackie/Desktop/CMPE185/CMPE185_Project/CMPE185_ws/src/objdetect_node/build/yolov7_ros
[0.106s] -- Install configuration: ""
[0.106s] -- Up-to-date: /home/jackie/Desktop/CMPE185/CMPE185_Project/CMPE185_ws/src/objdetect_node/install/yolov7_ros/share/ament_index/resource_index/package_run_dependencies/yolov7_ros
[0.107s] -- Up-to-date: /home/jackie/Desktop/CMPE185/CMPE185_Project/CMPE185_ws/src/objdetect_node/install/yolov7_ros/share/ament_index/resource_index/parent_prefix_path/yolov7_ros
[0.107s] -- Up-to-date: /home/jackie/Desktop/CMPE185/CMPE185_Project/CMPE185_ws/src/objdetect_node/install/yolov7_ros/share/yolov7_ros/environment/ament_prefix_path.sh
[0.107s] -- Up-to-date: /home/jackie/Desktop/CMPE185/CMPE185_Project/CMPE185_ws/src/objdetect_node/install/yolov7_ros/share/yolov7_ros/environment/ament_prefix_path.dsv
[0.107s] -- Up-to-date: /home/jackie/Desktop/CMPE185/CMPE185_Project/CMPE185_ws/src/objdetect_node/install/yolov7_ros/share/yolov7_ros/environment/path.sh
[0.107s] -- Up-to-date: /home/jackie/Desktop/CMPE185/CMPE185_Project/CMPE185_ws/src/objdetect_node/install/yolov7_ros/share/yolov7_ros/environment/path.dsv
[0.107s] -- Up-to-date: /home/jackie/Desktop/CMPE185/CMPE185_Project/CMPE185_ws/src/objdetect_node/install/yolov7_ros/share/yolov7_ros/local_setup.bash
[0.107s] -- Up-to-date: /home/jackie/Desktop/CMPE185/CMPE185_Project/CMPE185_ws/src/objdetect_node/install/yolov7_ros/share/yolov7_ros/local_setup.sh
[0.107s] -- Up-to-date: /home/jackie/Desktop/CMPE185/CMPE185_Project/CMPE185_ws/src/objdetect_node/install/yolov7_ros/share/yolov7_ros/local_setup.zsh
[0.107s] -- Up-to-date: /home/jackie/Desktop/CMPE185/CMPE185_Project/CMPE185_ws/src/objdetect_node/install/yolov7_ros/share/yolov7_ros/local_setup.dsv
[0.107s] -- Up-to-date: /home/jackie/Desktop/CMPE185/CMPE185_Project/CMPE185_ws/src/objdetect_node/install/yolov7_ros/share/yolov7_ros/package.dsv
[0.107s] -- Up-to-date: /home/jackie/Desktop/CMPE185/CMPE185_Project/CMPE185_ws/src/objdetect_node/install/yolov7_ros/share/ament_index/resource_index/packages/yolov7_ros
[0.107s] -- Up-to-date: /home/jackie/Desktop/CMPE185/CMPE185_Project/CMPE185_ws/src/objdetect_node/install/yolov7_ros/share/yolov7_ros/cmake/ament_cmake_export_dependencies-extras.cmake
[0.107s] -- Up-to-date: /home/jackie/Desktop/CMPE185/CMPE185_Project/CMPE185_ws/src/objdetect_node/install/yolov7_ros/share/yolov7_ros/cmake/yolov7_rosConfig.cmake
[0.107s] -- Up-to-date: /home/jackie/Desktop/CMPE185/CMPE185_Project/CMPE185_ws/src/objdetect_node/install/yolov7_ros/share/yolov7_ros/cmake/yolov7_rosConfig-version.cmake
[0.107s] -- Up-to-date: /home/jackie/Desktop/CMPE185/CMPE185_Project/CMPE185_ws/src/objdetect_node/install/yolov7_ros/share/yolov7_ros/package.xml
[0.109s] Invoked command in '/home/jackie/Desktop/CMPE185/CMPE185_Project/CMPE185_ws/src/objdetect_node/build/yolov7_ros' returned '0': CMAKE_PREFIX_PATH=/opt/ros/galactic /usr/bin/cmake --install /home/jackie/Desktop/CMPE185/CMPE185_Project/CMPE185_ws/src/objdetect_node/build/yolov7_ros
