[0.011s] Invoking command in '/home/jackie/Desktop/CMPE185/CMPE185_Project/CMPE185_ws/src/objdetect_node/build/yolov7_ros': /usr/bin/cmake /home/jackie/Desktop/CMPE185/CMPE185_Project/CMPE185_ws/src/objdetect_node -DCMAKE_INSTALL_PREFIX=/home/jackie/Desktop/CMPE185/CMPE185_Project/CMPE185_ws/src/objdetect_node/install/yolov7_ros
[0.026s] -- Found ament_cmake: 1.1.5 (/opt/ros/galactic/share/ament_cmake/cmake)
[0.044s] -- Using PYTHON_EXECUTABLE: /usr/bin/python3
[0.094s] -- Found rosidl_default_generators: 1.1.1 (/opt/ros/galactic/share/rosidl_default_generators/cmake)
[0.096s] -- Using all available rosidl_typesupport_c: rosidl_typesupport_fastrtps_c;rosidl_typesupport_introspection_c
[0.099s] -- Found rosidl_adapter: 2.2.2 (/opt/ros/galactic/share/rosidl_adapter/cmake)
[0.221s] -- Using all available rosidl_typesupport_cpp: rosidl_typesupport_fastrtps_cpp;rosidl_typesupport_introspection_cpp
[0.241s] -- Found geometry_msgs: 2.2.4 (/opt/ros/galactic/share/geometry_msgs/cmake)
[0.308s] -- Found rclcpp: 9.2.1 (/opt/ros/galactic/share/rclcpp/cmake)
[0.346s] -- Found rmw_implementation_cmake: 3.3.1 (/opt/ros/galactic/share/rmw_implementation_cmake/cmake)
[0.347s] -- Found rmw_cyclonedds_cpp: 0.22.5 (/opt/ros/galactic/share/rmw_cyclonedds_cpp/cmake)
[0.365s] -- Using RMW implementation 'rmw_cyclonedds_cpp' as default
[0.499s] -- Found rclpy: 1.9.2 (/opt/ros/galactic/share/rclpy/cmake)
[0.499s] -- Found sensor_msgs: 2.2.4 (/opt/ros/galactic/share/sensor_msgs/cmake)
[0.588s] -- Found vision_msgs: 3.0.2 (/opt/ros/galactic/share/vision_msgs/cmake)
[0.655s] CMake Error at /opt/ros/galactic/share/rosidl_cmake/cmake/rosidl_generate_interfaces.cmake:93 (message):
[0.655s]   rosidl_generate_interfaces() the passed file 'msg/ObjectTracking2D.msg'
[0.655s]   doesn't exist relative to the CMAKE_CURRENT_SOURCE_DIR
[0.655s]   '/home/jackie/Desktop/CMPE185/CMPE185_Project/CMPE185_ws/src/objdetect_node'
[0.655s] Call Stack (most recent call first):
[0.655s]   CMakeLists.txt:73 (rosidl_generate_interfaces)
[0.655s] 
[0.655s] 
[0.657s] -- Configuring incomplete, errors occurred!
[0.657s] See also "/home/jackie/Desktop/CMPE185/CMPE185_Project/CMPE185_ws/src/objdetect_node/build/yolov7_ros/CMakeFiles/CMakeOutput.log".
[0.657s] See also "/home/jackie/Desktop/CMPE185/CMPE185_Project/CMPE185_ws/src/objdetect_node/build/yolov7_ros/CMakeFiles/CMakeError.log".
[0.664s] Invoked command in '/home/jackie/Desktop/CMPE185/CMPE185_Project/CMPE185_ws/src/objdetect_node/build/yolov7_ros' returned '1': /usr/bin/cmake /home/jackie/Desktop/CMPE185/CMPE185_Project/CMPE185_ws/src/objdetect_node -DCMAKE_INSTALL_PREFIX=/home/jackie/Desktop/CMPE185/CMPE185_Project/CMPE185_ws/src/objdetect_node/install/yolov7_ros
