[0.012s] Invoking command in '/home/jackie/Desktop/CMPE185/CMPE185_Project/CMPE185_ws/src/objdetect_node/build/yolov7_ros': /usr/bin/cmake /home/jackie/Desktop/CMPE185/CMPE185_Project/CMPE185_ws/src/objdetect_node -DCMAKE_INSTALL_PREFIX=/home/jackie/Desktop/CMPE185/CMPE185_Project/CMPE185_ws/src/objdetect_node/install/yolov7_ros
[0.059s] -- The C compiler identification is GNU 9.4.0
[0.106s] -- The CXX compiler identification is GNU 9.4.0
[0.110s] -- Check for working C compiler: /usr/bin/cc
[0.172s] -- Check for working C compiler: /usr/bin/cc -- works
[0.173s] -- Detecting C compiler ABI info
[0.233s] -- Detecting C compiler ABI info - done
[0.243s] -- Detecting C compile features
[0.243s] -- Detecting C compile features - done
[0.245s] -- Check for working CXX compiler: /usr/bin/c++
[0.315s] -- Check for working CXX compiler: /usr/bin/c++ -- works
[0.316s] -- Detecting CXX compiler ABI info
[0.393s] -- Detecting CXX compiler ABI info - done
[0.403s] -- Detecting CXX compile features
[0.404s] -- Detecting CXX compile features - done
[0.405s] -- Found ament_cmake: 1.1.5 (/opt/ros/galactic/share/ament_cmake/cmake)
[0.428s] -- Found PythonInterp: /usr/bin/python3 (found suitable version "3.8.10", minimum required is "3") 
[0.428s] -- Using PYTHON_EXECUTABLE: /usr/bin/python3
[0.495s] -- Found rosidl_default_generators: 1.1.1 (/opt/ros/galactic/share/rosidl_default_generators/cmake)
[0.497s] -- Using all available rosidl_typesupport_c: rosidl_typesupport_fastrtps_c;rosidl_typesupport_introspection_c
[0.503s] -- Found rosidl_adapter: 2.2.2 (/opt/ros/galactic/share/rosidl_adapter/cmake)
[0.586s] -- Found OpenSSL: /usr/lib/x86_64-linux-gnu/libcrypto.so (found version "1.1.1f")  
[0.609s] -- Found FastRTPS: /opt/ros/galactic/include  
[0.676s] -- Using all available rosidl_typesupport_cpp: rosidl_typesupport_fastrtps_cpp;rosidl_typesupport_introspection_cpp
[0.707s] -- Found geometry_msgs: 2.2.4 (/opt/ros/galactic/share/geometry_msgs/cmake)
[0.764s] -- Found rclcpp: 9.2.1 (/opt/ros/galactic/share/rclcpp/cmake)
[0.808s] -- Found rmw_implementation_cmake: 3.3.1 (/opt/ros/galactic/share/rmw_implementation_cmake/cmake)
[0.810s] -- Found rmw_cyclonedds_cpp: 0.22.5 (/opt/ros/galactic/share/rmw_cyclonedds_cpp/cmake)
[0.827s] -- Using RMW implementation 'rmw_cyclonedds_cpp' as default
[0.827s] -- Looking for pthread.h
[0.891s] -- Looking for pthread.h - found
[0.891s] -- Performing Test CMAKE_HAVE_LIBC_PTHREAD
[0.956s] -- Performing Test CMAKE_HAVE_LIBC_PTHREAD - Failed
[0.956s] -- Looking for pthread_create in pthreads
[1.008s] -- Looking for pthread_create in pthreads - not found
[1.008s] -- Looking for pthread_create in pthread
[1.072s] -- Looking for pthread_create in pthread - found
[1.073s] -- Found Threads: TRUE  
[1.193s] -- Found rclpy: 1.9.2 (/opt/ros/galactic/share/rclpy/cmake)
[1.194s] -- Found sensor_msgs: 2.2.4 (/opt/ros/galactic/share/sensor_msgs/cmake)
[1.258s] CMake Error at /opt/ros/galactic/share/rosidl_cmake/cmake/rosidl_generate_interfaces.cmake:93 (message):
[1.258s]   rosidl_generate_interfaces() the passed file 'msg/ObjectTracking2D.msg'
[1.258s]   doesn't exist relative to the CMAKE_CURRENT_SOURCE_DIR
[1.258s]   '/home/jackie/Desktop/CMPE185/CMPE185_Project/CMPE185_ws/src/objdetect_node'
[1.258s] Call Stack (most recent call first):
[1.258s]   CMakeLists.txt:73 (rosidl_generate_interfaces)
[1.258s] 
[1.259s] 
[1.260s] -- Configuring incomplete, errors occurred!
[1.260s] See also "/home/jackie/Desktop/CMPE185/CMPE185_Project/CMPE185_ws/src/objdetect_node/build/yolov7_ros/CMakeFiles/CMakeOutput.log".
[1.260s] See also "/home/jackie/Desktop/CMPE185/CMPE185_Project/CMPE185_ws/src/objdetect_node/build/yolov7_ros/CMakeFiles/CMakeError.log".
[1.266s] Invoked command in '/home/jackie/Desktop/CMPE185/CMPE185_Project/CMPE185_ws/src/objdetect_node/build/yolov7_ros' returned '1': /usr/bin/cmake /home/jackie/Desktop/CMPE185/CMPE185_Project/CMPE185_ws/src/objdetect_node -DCMAKE_INSTALL_PREFIX=/home/jackie/Desktop/CMPE185/CMPE185_Project/CMPE185_ws/src/objdetect_node/install/yolov7_ros
